#-----------------------------------------------------------
# Vivado v2020.2 (64-bit)
# SW Build 3064766 on Wed Nov 18 09:12:45 MST 2020
# IP Build 3064653 on Wed Nov 18 14:17:31 MST 2020
# Start of session at: Thu Apr 28 18:47:47 2022
# Process ID: 6284
# Current directory: C:/Users/dodg/Desktop/4.sem/DE1/digital-electronics-1/DE1_Projekt/VIvado/project
# Command line: vivado.exe -gui_launcher_event rodinguilauncherevent16292 C:\Users\dodg\Desktop\4.sem\DE1\digital-electronics-1\DE1_Projekt\VIvado\project\project_f1.xpr
# Log file: C:/Users/dodg/Desktop/4.sem/DE1/digital-electronics-1/DE1_Projekt/VIvado/project/vivado.log
# Journal file: C:/Users/dodg/Desktop/4.sem/DE1/digital-electronics-1/DE1_Projekt/VIvado/project\vivado.jou
#-----------------------------------------------------------
start_gui
open_project C:/Users/dodg/Desktop/4.sem/DE1/digital-electronics-1/DE1_Projekt/VIvado/project/project_f1.xpr
INFO: [Project 1-313] Project file moved from 'F:/DE1/project_f2' since last save.
Scanning sources...
Finished scanning sources
INFO: [Project 1-230] Project 'project_f1.xpr' upgraded for this version of Vivado.
INFO: [IP_Flow 19-234] Refreshing IP repositories
INFO: [IP_Flow 19-1704] No user IP repositories specified
INFO: [IP_Flow 19-2313] Loaded Vivado IP repository 'E:/Xilinx/Vivado/2020.2/data/ip'.
update_compile_order -fileset sources_1
open_run impl_1
INFO: [Device 21-403] Loading part xc7a50ticsg324-1L
Netlist sorting complete. Time (s): cpu = 00:00:00 ; elapsed = 00:00:00.002 . Memory (MB): peak = 1189.406 ; gain = 0.000
INFO: [Netlist 29-17] Analyzing 23 Unisim elements for replacement
INFO: [Netlist 29-28] Unisim Transformation completed in 0 CPU seconds
INFO: [Project 1-479] Netlist was created with Vivado 2020.1
INFO: [Project 1-570] Preparing netlist for logic optimization
INFO: [Constraints 18-5435] Cannot read file, the software version for the checkpoint (2020.1.2902540) does not match the current software version (2020.2.3064766).
  File : C:/Users/dodg/Desktop/4.sem/DE1/digital-electronics-1/DE1_Projekt/VIvado/project/project_f1.runs/impl_1/top_routed/top.xbdc.
Parsing XDC File [C:/Users/dodg/Desktop/4.sem/DE1/digital-electronics-1/DE1_Projekt/VIvado/project/project_f1.runs/impl_1/top_routed/top.xdc]
Finished Parsing XDC File [C:/Users/dodg/Desktop/4.sem/DE1/digital-electronics-1/DE1_Projekt/VIvado/project/project_f1.runs/impl_1/top_routed/top.xdc]
Reading XDEF placement.
Reading placer database...
Reading XDEF routing.
Read XDEF File: Time (s): cpu = 00:00:00 ; elapsed = 00:00:00.060 . Memory (MB): peak = 1189.406 ; gain = 0.000
Restored from archive | CPU: 0.000000 secs | Memory: 0.000000 MB |
Finished XDEF File Restore: Time (s): cpu = 00:00:00 ; elapsed = 00:00:00.061 . Memory (MB): peak = 1189.406 ; gain = 0.000
INFO: [Common 17-41] Interrupt caught. Command should exit soon.
INFO: [Opt 31-138] Pushed 0 inverter(s) to 0 load pin(s).
open_run: Time (s): cpu = 00:00:11 ; elapsed = 00:00:11 . Memory (MB): peak = 1497.109 ; gain = 307.703
INFO: [Common 17-344] 'open_run' was cancelled
update_files -from_files C:/Users/dodg/Desktop/4.sem/DE1/digital-electronics-1/DE1_Projekt/VIvado/project/project_f1.srcs/sources_1/new/bin_7seg.vhd -to_files C:/Users/dodg/Desktop/4.sem/DE1/digital-electronics-1/DE1_Projekt/VIvado/project/project_f1.srcs/sources_1/new/hex_7seg.vhd -filesets [get_filesets *]
INFO: [filemgmt 20-762] Replacing file 'C:/Users/dodg/Desktop/4.sem/DE1/digital-electronics-1/DE1_Projekt/VIvado/project/project_f1.srcs/sources_1/new/hex_7seg.vhd' with file 'C:/Users/dodg/Desktop/4.sem/DE1/digital-electronics-1/DE1_Projekt/VIvado/project/project_f1.srcs/sources_1/new/bin_7seg.vhd'.
INFO: [filemgmt 20-1080] Importing file from 'C:/Users/dodg/Desktop/4.sem/DE1/digital-electronics-1/DE1_Projekt/VIvado/project/project_f1.srcs/sources_1/new/bin_7seg.vhd' to 'C:/Users/dodg/Desktop/4.sem/DE1/digital-electronics-1/DE1_Projekt/VIvado/project/project_f1.srcs/sources_1/new/bin_7seg.vhd'.
update_compile_order -fileset sources_1
file copy -force C:/Users/dodg/Desktop/4.sem/DE1/digital-electronics-1/DE1_Projekt/VIvado/project/project_f1.runs/impl_1/top.bit C:/Users/dodg/Desktop/4.sem/DE1/digital-electronics-1/DE1_Projekt/VIvado/Bitstream.bit
reset_run synth_1
launch_runs impl_1 -to_step write_bitstream -jobs 6
[Thu Apr 28 18:52:04 2022] Launched synth_1...
Run output will be captured here: C:/Users/dodg/Desktop/4.sem/DE1/digital-electronics-1/DE1_Projekt/VIvado/project/project_f1.runs/synth_1/runme.log
[Thu Apr 28 18:52:04 2022] Launched impl_1...
Run output will be captured here: C:/Users/dodg/Desktop/4.sem/DE1/digital-electronics-1/DE1_Projekt/VIvado/project/project_f1.runs/impl_1/runme.log
file copy -force C:/Users/dodg/Desktop/4.sem/DE1/digital-electronics-1/DE1_Projekt/VIvado/project/project_f1.runs/impl_1/top.bit C:/Users/dodg/Desktop/4.sem/DE1/digital-electronics-1/DE1_Projekt/VIvado/Bitstream2.bit
exit
INFO: [Common 17-206] Exiting Vivado at Thu Apr 28 18:56:53 2022...
